Compiling the C compiler identification source file "CMakeCCompilerId.c" failed.
Compiler: /Library/Developer/CommandLineTools/usr/bin/cc 
Build flags: 
Id flags:  

The output was:
No such file or directory


Compiling the C compiler identification source file "CMakeCCompilerId.c" failed.
Compiler: /Library/Developer/CommandLineTools/usr/bin/cc 
Build flags: 
Id flags: -c 

The output was:
No such file or directory


Compiling the C compiler identification source file "CMakeCCompilerId.c" failed.
Compiler: /Library/Developer/CommandLineTools/usr/bin/cc 
Build flags: 
Id flags: -Aa 

The output was:
No such file or directory


Compiling the C compiler identification source file "CMakeCCompilerId.c" failed.
Compiler: /Library/Developer/CommandLineTools/usr/bin/cc 
Build flags: 
Id flags: -D__CLASSIC_C__ 

The output was:
No such file or directory


Compiling the C compiler identification source file "CMakeCCompilerId.c" failed.
Compiler: /Library/Developer/CommandLineTools/usr/bin/cc 
Build flags: 
Id flags:  

The output was:
No such file or directory


Compiling the C compiler identification source file "CMakeCCompilerId.c" failed.
Compiler: /Library/Developer/CommandLineTools/usr/bin/cc 
Build flags: 
Id flags: -c 

The output was:
No such file or directory


Compiling the C compiler identification source file "CMakeCCompilerId.c" failed.
Compiler: /Library/Developer/CommandLineTools/usr/bin/cc 
Build flags: 
Id flags: -Aa 

The output was:
No such file or directory


Compiling the C compiler identification source file "CMakeCCompilerId.c" failed.
Compiler: /Library/Developer/CommandLineTools/usr/bin/cc 
Build flags: 
Id flags: -D__CLASSIC_C__ 

The output was:
No such file or directory


Checking whether the C compiler is IAR using "" did not match "IAR .+ Compiler":
Checking whether the C compiler is IAR using "" did not match "IAR .+ Compiler":
Compiling the CXX compiler identification source file "CMakeCXXCompilerId.cpp" failed.
Compiler: /Library/Developer/CommandLineTools/usr/bin/c++ 
Build flags: 
Id flags:  

The output was:
No such file or directory


Compiling the CXX compiler identification source file "CMakeCXXCompilerId.cpp" failed.
Compiler: /Library/Developer/CommandLineTools/usr/bin/c++ 
Build flags: 
Id flags: -c 

The output was:
No such file or directory


Compiling the CXX compiler identification source file "CMakeCXXCompilerId.cpp" failed.
Compiler: /Library/Developer/CommandLineTools/usr/bin/c++ 
Build flags: 
Id flags:  

The output was:
No such file or directory


Compiling the CXX compiler identification source file "CMakeCXXCompilerId.cpp" failed.
Compiler: /Library/Developer/CommandLineTools/usr/bin/c++ 
Build flags: 
Id flags: -c 

The output was:
No such file or directory


Checking whether the CXX compiler is IAR using "" did not match "IAR .+ Compiler":
Checking whether the CXX compiler is IAR using "" did not match "IAR .+ Compiler":
Determining if the Q_WS_WIN exist failed with the following output:
Change Dir: /home/eduardo/Documents/Coding stuff/Proyecto 3/Servidor/XMLManager/cmake-build-debug/CMakeFiles/CMakeTmp

Run Build Command:"/usr/bin/make" "cmTC_451e1/fast"
/usr/bin/make -f CMakeFiles/cmTC_451e1.dir/build.make CMakeFiles/cmTC_451e1.dir/build
make[1]: Entering directory '/home/eduardo/Documents/Coding stuff/Proyecto 3/Servidor/XMLManager/cmake-build-debug/CMakeFiles/CMakeTmp'
Building CXX object CMakeFiles/cmTC_451e1.dir/CheckSymbolExists.cxx.o
/usr/bin/c++   -I/usr/include/qt4  -std=gnu++11 -o CMakeFiles/cmTC_451e1.dir/CheckSymbolExists.cxx.o -c "/home/eduardo/Documents/Coding stuff/Proyecto 3/Servidor/XMLManager/cmake-build-debug/CMakeFiles/CMakeTmp/CheckSymbolExists.cxx"
/home/eduardo/Documents/Coding stuff/Proyecto 3/Servidor/XMLManager/cmake-build-debug/CMakeFiles/CMakeTmp/CheckSymbolExists.cxx: In function ‘int main(int, char**)’:
/home/eduardo/Documents/Coding stuff/Proyecto 3/Servidor/XMLManager/cmake-build-debug/CMakeFiles/CMakeTmp/CheckSymbolExists.cxx:8:19: error: ‘Q_WS_WIN’ was not declared in this scope
   return ((int*)(&Q_WS_WIN))[argc];
                   ^
CMakeFiles/cmTC_451e1.dir/build.make:65: recipe for target 'CMakeFiles/cmTC_451e1.dir/CheckSymbolExists.cxx.o' failed
make[1]: *** [CMakeFiles/cmTC_451e1.dir/CheckSymbolExists.cxx.o] Error 1
make[1]: Leaving directory '/home/eduardo/Documents/Coding stuff/Proyecto 3/Servidor/XMLManager/cmake-build-debug/CMakeFiles/CMakeTmp'
Makefile:126: recipe for target 'cmTC_451e1/fast' failed
make: *** [cmTC_451e1/fast] Error 2

File /home/eduardo/Documents/Coding stuff/Proyecto 3/Servidor/XMLManager/cmake-build-debug/CMakeFiles/CMakeTmp/CheckSymbolExists.cxx:
/* */
#include <QtCore/qglobal.h>

int main(int argc, char** argv)
{
  (void)argv;
#ifndef Q_WS_WIN
  return ((int*)(&Q_WS_WIN))[argc];
#else
  (void)argc;
  return 0;
#endif
}

Determining if the Q_WS_QWS exist failed with the following output:
Change Dir: /home/eduardo/Documents/Coding stuff/Proyecto 3/Servidor/XMLManager/cmake-build-debug/CMakeFiles/CMakeTmp

Run Build Command:"/usr/bin/make" "cmTC_8d277/fast"
/usr/bin/make -f CMakeFiles/cmTC_8d277.dir/build.make CMakeFiles/cmTC_8d277.dir/build
make[1]: Entering directory '/home/eduardo/Documents/Coding stuff/Proyecto 3/Servidor/XMLManager/cmake-build-debug/CMakeFiles/CMakeTmp'
Building CXX object CMakeFiles/cmTC_8d277.dir/CheckSymbolExists.cxx.o
/usr/bin/c++   -I/usr/include/qt4  -std=gnu++11 -o CMakeFiles/cmTC_8d277.dir/CheckSymbolExists.cxx.o -c "/home/eduardo/Documents/Coding stuff/Proyecto 3/Servidor/XMLManager/cmake-build-debug/CMakeFiles/CMakeTmp/CheckSymbolExists.cxx"
/home/eduardo/Documents/Coding stuff/Proyecto 3/Servidor/XMLManager/cmake-build-debug/CMakeFiles/CMakeTmp/CheckSymbolExists.cxx: In function ‘int main(int, char**)’:
/home/eduardo/Documents/Coding stuff/Proyecto 3/Servidor/XMLManager/cmake-build-debug/CMakeFiles/CMakeTmp/CheckSymbolExists.cxx:8:19: error: ‘Q_WS_QWS’ was not declared in this scope
   return ((int*)(&Q_WS_QWS))[argc];
                   ^
CMakeFiles/cmTC_8d277.dir/build.make:65: recipe for target 'CMakeFiles/cmTC_8d277.dir/CheckSymbolExists.cxx.o' failed
make[1]: *** [CMakeFiles/cmTC_8d277.dir/CheckSymbolExists.cxx.o] Error 1
make[1]: Leaving directory '/home/eduardo/Documents/Coding stuff/Proyecto 3/Servidor/XMLManager/cmake-build-debug/CMakeFiles/CMakeTmp'
Makefile:126: recipe for target 'cmTC_8d277/fast' failed
make: *** [cmTC_8d277/fast] Error 2

File /home/eduardo/Documents/Coding stuff/Proyecto 3/Servidor/XMLManager/cmake-build-debug/CMakeFiles/CMakeTmp/CheckSymbolExists.cxx:
/* */
#include <QtCore/qglobal.h>

int main(int argc, char** argv)
{
  (void)argv;
#ifndef Q_WS_QWS
  return ((int*)(&Q_WS_QWS))[argc];
#else
  (void)argc;
  return 0;
#endif
}

Determining if the Q_WS_MAC exist failed with the following output:
Change Dir: /home/eduardo/Documents/Coding stuff/Proyecto 3/Servidor/XMLManager/cmake-build-debug/CMakeFiles/CMakeTmp

Run Build Command:"/usr/bin/make" "cmTC_71320/fast"
/usr/bin/make -f CMakeFiles/cmTC_71320.dir/build.make CMakeFiles/cmTC_71320.dir/build
make[1]: Entering directory '/home/eduardo/Documents/Coding stuff/Proyecto 3/Servidor/XMLManager/cmake-build-debug/CMakeFiles/CMakeTmp'
Building CXX object CMakeFiles/cmTC_71320.dir/CheckSymbolExists.cxx.o
/usr/bin/c++   -I/usr/include/qt4  -std=gnu++11 -o CMakeFiles/cmTC_71320.dir/CheckSymbolExists.cxx.o -c "/home/eduardo/Documents/Coding stuff/Proyecto 3/Servidor/XMLManager/cmake-build-debug/CMakeFiles/CMakeTmp/CheckSymbolExists.cxx"
/home/eduardo/Documents/Coding stuff/Proyecto 3/Servidor/XMLManager/cmake-build-debug/CMakeFiles/CMakeTmp/CheckSymbolExists.cxx: In function ‘int main(int, char**)’:
/home/eduardo/Documents/Coding stuff/Proyecto 3/Servidor/XMLManager/cmake-build-debug/CMakeFiles/CMakeTmp/CheckSymbolExists.cxx:8:19: error: ‘Q_WS_MAC’ was not declared in this scope
   return ((int*)(&Q_WS_MAC))[argc];
                   ^
CMakeFiles/cmTC_71320.dir/build.make:65: recipe for target 'CMakeFiles/cmTC_71320.dir/CheckSymbolExists.cxx.o' failed
make[1]: *** [CMakeFiles/cmTC_71320.dir/CheckSymbolExists.cxx.o] Error 1
make[1]: Leaving directory '/home/eduardo/Documents/Coding stuff/Proyecto 3/Servidor/XMLManager/cmake-build-debug/CMakeFiles/CMakeTmp'
Makefile:126: recipe for target 'cmTC_71320/fast' failed
make: *** [cmTC_71320/fast] Error 2

File /home/eduardo/Documents/Coding stuff/Proyecto 3/Servidor/XMLManager/cmake-build-debug/CMakeFiles/CMakeTmp/CheckSymbolExists.cxx:
/* */
#include <QtCore/qglobal.h>

int main(int argc, char** argv)
{
  (void)argv;
#ifndef Q_WS_MAC
  return ((int*)(&Q_WS_MAC))[argc];
#else
  (void)argc;
  return 0;
#endif
}

